<?xml version="1.0" encoding="UTF-8"?>
<!-- Generated by org.testng.reporters.JUnitReportReporter -->
<testsuite hostname="DESKTOP-AAOC0E9" failures="0" tests="1" name="com.qa.FastMediaTest.RegistrationPageTest" time="22.368" errors="0" timestamp="11 May 2021 06:39:47 GMT" skipped="0">
  <testcase classname="com.qa.FastMediaTest.RegistrationPageTest" name="ValidateRegisterPageLable" time="22.368"/>
</testsuite> <!-- com.qa.FastMediaTest.RegistrationPageTest -->
