<?xml version="1.0" encoding="UTF-8"?>
<!-- Generated by org.testng.reporters.JUnitReportReporter -->
<testsuite hostname="DESKTOP-AAOC0E9" failures="0" tests="1" name="com.qa.FastMediaTest.PaymentPageWithoutLogin" time="27.879" errors="0" timestamp="03 May 2021 07:13:18 GMT" skipped="0">
  <testcase classname="com.qa.FastMediaTest.PaymentPageWithoutLogin" name="CheckWithValidValues" time="27.879"/>
</testsuite> <!-- com.qa.FastMediaTest.PaymentPageWithoutLogin -->
